Copyright 1986-2022 Xilinx, Inc. All Rights Reserved.
---------------------------------------------------------------------------------------------------------------------------------------------------------------------------------------------------------------------------
| Tool Version : Vivado v.2022.2 (win64) Build 3671981 Fri Oct 14 05:00:03 MDT 2022
| Date         : Sun Sep 10 19:39:27 2023
| Host         : DESKTOP-BHC7JEH running 64-bit major release  (build 9200)
| Command      : report_timing_summary -max_paths 10 -report_unconstrained -file logic_gate_timing_summary_routed.rpt -pb logic_gate_timing_summary_routed.pb -rpx logic_gate_timing_summary_routed.rpx -warn_on_violation
| Design       : logic_gate
| Device       : 7s75-fgga484
| Speed File   : -1  PRODUCTION 1.23 2018-06-13
---------------------------------------------------------------------------------------------------------------------------------------------------------------------------------------------------------------------------

Timing Summary Report

------------------------------------------------------------------------------------------------
| Timer Settings
| --------------
------------------------------------------------------------------------------------------------

  Enable Multi Corner Analysis               :  Yes
  Enable Pessimism Removal                   :  Yes
  Pessimism Removal Resolution               :  Nearest Common Node
  Enable Input Delay Default Clock           :  No
  Enable Preset / Clear Arcs                 :  No
  Disable Flight Delays                      :  No
  Ignore I/O Paths                           :  No
  Timing Early Launch at Borrowing Latches   :  No
  Borrow Time for Max Delay Exceptions       :  Yes
  Merge Timing Exceptions                    :  Yes

  Corner  Analyze    Analyze    
  Name    Max Paths  Min Paths  
  ------  ---------  ---------  
  Slow    Yes        Yes        
  Fast    Yes        Yes        


------------------------------------------------------------------------------------------------
| Report Methodology
| ------------------
------------------------------------------------------------------------------------------------

No report available as report_methodology has not been run prior. Run report_methodology on the current design for the summary of methodology violations.



check_timing report

Table of Contents
-----------------
1. checking no_clock (0)
2. checking constant_clock (0)
3. checking pulse_width_clock (0)
4. checking unconstrained_internal_endpoints (0)
5. checking no_input_delay (0)
6. checking no_output_delay (0)
7. checking multiple_clock (0)
8. checking generated_clocks (0)
9. checking loops (0)
10. checking partial_input_delay (0)
11. checking partial_output_delay (0)
12. checking latch_loops (0)

1. checking no_clock (0)
------------------------
 There are 0 register/latch pins with no clock.


2. checking constant_clock (0)
------------------------------
 There are 0 register/latch pins with constant_clock.


3. checking pulse_width_clock (0)
---------------------------------
 There are 0 register/latch pins which need pulse_width check


4. checking unconstrained_internal_endpoints (0)
------------------------------------------------
 There are 0 pins that are not constrained for maximum delay.

 There are 0 pins that are not constrained for maximum delay due to constant clock.


5. checking no_input_delay (0)
------------------------------
 There are 0 input ports with no input delay specified.

 There are 0 input ports with no input delay but user has a false path constraint.


6. checking no_output_delay (0)
-------------------------------
 There are 0 ports with no output delay specified.

 There are 0 ports with no output delay but user has a false path constraint

 There are 0 ports with no output delay but with a timing clock defined on it or propagating through it


7. checking multiple_clock (0)
------------------------------
 There are 0 register/latch pins with multiple clocks.


8. checking generated_clocks (0)
--------------------------------
 There are 0 generated clocks that are not connected to a clock source.


9. checking loops (0)
---------------------
 There are 0 combinational loops in the design.


10. checking partial_input_delay (0)
------------------------------------
 There are 0 input ports with partial input delay specified.


11. checking partial_output_delay (0)
-------------------------------------
 There are 0 ports with partial output delay specified.


12. checking latch_loops (0)
----------------------------
 There are 0 combinational latch loops in the design through latch input



------------------------------------------------------------------------------------------------
| Design Timing Summary
| ---------------------
------------------------------------------------------------------------------------------------

    WNS(ns)      TNS(ns)  TNS Failing Endpoints  TNS Total Endpoints      WHS(ns)      THS(ns)  THS Failing Endpoints  THS Total Endpoints     WPWS(ns)     TPWS(ns)  TPWS Failing Endpoints  TPWS Total Endpoints  
    -------      -------  ---------------------  -------------------      -------      -------  ---------------------  -------------------     --------     --------  ----------------------  --------------------  
        inf        0.000                      0                    5          inf        0.000                      0                    5           NA           NA                      NA                    NA  


There are no user specified timing constraints.


------------------------------------------------------------------------------------------------
| Clock Summary
| -------------
------------------------------------------------------------------------------------------------


------------------------------------------------------------------------------------------------
| Intra Clock Table
| -----------------
------------------------------------------------------------------------------------------------

Clock             WNS(ns)      TNS(ns)  TNS Failing Endpoints  TNS Total Endpoints      WHS(ns)      THS(ns)  THS Failing Endpoints  THS Total Endpoints     WPWS(ns)     TPWS(ns)  TPWS Failing Endpoints  TPWS Total Endpoints  
-----             -------      -------  ---------------------  -------------------      -------      -------  ---------------------  -------------------     --------     --------  ----------------------  --------------------  


------------------------------------------------------------------------------------------------
| Inter Clock Table
| -----------------
------------------------------------------------------------------------------------------------

From Clock    To Clock          WNS(ns)      TNS(ns)  TNS Failing Endpoints  TNS Total Endpoints      WHS(ns)      THS(ns)  THS Failing Endpoints  THS Total Endpoints  
----------    --------          -------      -------  ---------------------  -------------------      -------      -------  ---------------------  -------------------  


------------------------------------------------------------------------------------------------
| Other Path Groups Table
| -----------------------
------------------------------------------------------------------------------------------------

Path Group    From Clock    To Clock          WNS(ns)      TNS(ns)  TNS Failing Endpoints  TNS Total Endpoints      WHS(ns)      THS(ns)  THS Failing Endpoints  THS Total Endpoints  
----------    ----------    --------          -------      -------  ---------------------  -------------------      -------      -------  ---------------------  -------------------  


------------------------------------------------------------------------------------------------
| User Ignored Path Table
| -----------------------
------------------------------------------------------------------------------------------------

Path Group    From Clock    To Clock    
----------    ----------    --------    


------------------------------------------------------------------------------------------------
| Unconstrained Path Table
| ------------------------
------------------------------------------------------------------------------------------------

Path Group    From Clock    To Clock    
----------    ----------    --------    
(none)                                    


------------------------------------------------------------------------------------------------
| Timing Details
| --------------
------------------------------------------------------------------------------------------------


--------------------------------------------------------------------------------------
Path Group:  (none)
From Clock:  
  To Clock:  

Max Delay             5 Endpoints
Min Delay             5 Endpoints
--------------------------------------------------------------------------------------


Max Delay Paths
--------------------------------------------------------------------------------------
Slack:                    inf
  Source:                 b
                            (input port)
  Destination:            p
                            (output port)
  Path Group:             (none)
  Path Type:              Max at Slow Process Corner
  Data Path Delay:        10.002ns  (logic 5.395ns (53.945%)  route 4.606ns (46.055%))
  Logic Levels:           3  (IBUF=1 LUT2=1 OBUF=1)

    Location             Delay type                Incr(ns)  Path(ns)    Netlist Resource(s)
  -------------------------------------------------------------------    -------------------
    W3                                                0.000     0.000 f  b (IN)
                         net (fo=0)                   0.000     0.000    b
    W3                   IBUF (Prop_ibuf_I_O)         1.514     1.514 f  b_IBUF_inst/O
                         net (fo=5, routed)           2.702     4.216    b_IBUF
    SLICE_X85Y123        LUT2 (Prop_lut2_I0_O)        0.152     4.368 r  p_OBUF_inst_i_1/O
                         net (fo=1, routed)           1.904     6.272    p_OBUF
    L4                   OBUF (Prop_obuf_I_O)         3.729    10.002 r  p_OBUF_inst/O
                         net (fo=0)                   0.000    10.002    p
    L4                                                                r  p (OUT)
  -------------------------------------------------------------------    -------------------

Slack:                    inf
  Source:                 b
                            (input port)
  Destination:            z
                            (output port)
  Path Group:             (none)
  Path Type:              Max at Slow Process Corner
  Data Path Delay:        9.564ns  (logic 5.163ns (53.976%)  route 4.402ns (46.024%))
  Logic Levels:           3  (IBUF=1 LUT2=1 OBUF=1)

    Location             Delay type                Incr(ns)  Path(ns)    Netlist Resource(s)
  -------------------------------------------------------------------    -------------------
    W3                                                0.000     0.000 r  b (IN)
                         net (fo=0)                   0.000     0.000    b
    W3                   IBUF (Prop_ibuf_I_O)         1.514     1.514 r  b_IBUF_inst/O
                         net (fo=5, routed)           2.704     4.218    b_IBUF
    SLICE_X85Y123        LUT2 (Prop_lut2_I0_O)        0.124     4.342 r  z_OBUF_inst_i_1/O
                         net (fo=1, routed)           1.698     6.040    z_OBUF
    M7                   OBUF (Prop_obuf_I_O)         3.524     9.564 r  z_OBUF_inst/O
                         net (fo=0)                   0.000     9.564    z
    M7                                                                r  z (OUT)
  -------------------------------------------------------------------    -------------------

Slack:                    inf
  Source:                 b
                            (input port)
  Destination:            q
                            (output port)
  Path Group:             (none)
  Path Type:              Max at Slow Process Corner
  Data Path Delay:        9.541ns  (logic 5.167ns (54.151%)  route 4.375ns (45.849%))
  Logic Levels:           3  (IBUF=1 LUT2=1 OBUF=1)

    Location             Delay type                Incr(ns)  Path(ns)    Netlist Resource(s)
  -------------------------------------------------------------------    -------------------
    W3                                                0.000     0.000 f  b (IN)
                         net (fo=0)                   0.000     0.000    b
    W3                   IBUF (Prop_ibuf_I_O)         1.514     1.514 f  b_IBUF_inst/O
                         net (fo=5, routed)           2.702     4.216    b_IBUF
    SLICE_X85Y123        LUT2 (Prop_lut2_I0_O)        0.124     4.340 r  q_OBUF_inst_i_1/O
                         net (fo=1, routed)           1.672     6.013    q_OBUF
    M4                   OBUF (Prop_obuf_I_O)         3.528     9.541 r  q_OBUF_inst/O
                         net (fo=0)                   0.000     9.541    q
    M4                                                                r  q (OUT)
  -------------------------------------------------------------------    -------------------

Slack:                    inf
  Source:                 a
                            (input port)
  Destination:            y
                            (output port)
  Path Group:             (none)
  Path Type:              Max at Slow Process Corner
  Data Path Delay:        9.221ns  (logic 5.402ns (58.588%)  route 3.818ns (41.412%))
  Logic Levels:           3  (IBUF=1 LUT2=1 OBUF=1)

    Location             Delay type                Incr(ns)  Path(ns)    Netlist Resource(s)
  -------------------------------------------------------------------    -------------------
    Y1                                                0.000     0.000 r  a (IN)
                         net (fo=0)                   0.000     0.000    a
    Y1                   IBUF (Prop_ibuf_I_O)         1.524     1.524 r  a_IBUF_inst/O
                         net (fo=5, routed)           1.959     3.483    a_IBUF
    SLICE_X85Y108        LUT2 (Prop_lut2_I0_O)        0.152     3.635 r  y_OBUF_inst_i_1/O
                         net (fo=1, routed)           1.859     5.494    y_OBUF
    N7                   OBUF (Prop_obuf_I_O)         3.726     9.221 r  y_OBUF_inst/O
                         net (fo=0)                   0.000     9.221    y
    N7                                                                r  y (OUT)
  -------------------------------------------------------------------    -------------------

Slack:                    inf
  Source:                 a
                            (input port)
  Destination:            x
                            (output port)
  Path Group:             (none)
  Path Type:              Max at Slow Process Corner
  Data Path Delay:        9.206ns  (logic 5.191ns (56.384%)  route 4.015ns (43.616%))
  Logic Levels:           3  (IBUF=1 LUT2=1 OBUF=1)

    Location             Delay type                Incr(ns)  Path(ns)    Netlist Resource(s)
  -------------------------------------------------------------------    -------------------
    Y1                                                0.000     0.000 r  a (IN)
                         net (fo=0)                   0.000     0.000    a
    Y1                   IBUF (Prop_ibuf_I_O)         1.524     1.524 r  a_IBUF_inst/O
                         net (fo=5, routed)           1.959     3.483    a_IBUF
    SLICE_X85Y108        LUT2 (Prop_lut2_I0_O)        0.124     3.607 r  x_OBUF_inst_i_1/O
                         net (fo=1, routed)           2.056     5.663    x_OBUF
    M2                   OBUF (Prop_obuf_I_O)         3.543     9.206 r  x_OBUF_inst/O
                         net (fo=0)                   0.000     9.206    x
    M2                                                                r  x (OUT)
  -------------------------------------------------------------------    -------------------





Min Delay Paths
--------------------------------------------------------------------------------------
Slack:                    inf
  Source:                 b
                            (input port)
  Destination:            y
                            (output port)
  Path Group:             (none)
  Path Type:              Min at Fast Process Corner
  Data Path Delay:        2.733ns  (logic 1.617ns (59.156%)  route 1.116ns (40.844%))
  Logic Levels:           3  (IBUF=1 LUT2=1 OBUF=1)

    Location             Delay type                Incr(ns)  Path(ns)    Netlist Resource(s)
  -------------------------------------------------------------------    -------------------
    W3                                                0.000     0.000 r  b (IN)
                         net (fo=0)                   0.000     0.000    b
    W3                   IBUF (Prop_ibuf_I_O)         0.282     0.282 r  b_IBUF_inst/O
                         net (fo=5, routed)           0.702     0.984    b_IBUF
    SLICE_X85Y108        LUT2 (Prop_lut2_I1_O)        0.048     1.032 r  y_OBUF_inst_i_1/O
                         net (fo=1, routed)           0.414     1.446    y_OBUF
    N7                   OBUF (Prop_obuf_I_O)         1.287     2.733 r  y_OBUF_inst/O
                         net (fo=0)                   0.000     2.733    y
    N7                                                                r  y (OUT)
  -------------------------------------------------------------------    -------------------

Slack:                    inf
  Source:                 b
                            (input port)
  Destination:            x
                            (output port)
  Path Group:             (none)
  Path Type:              Min at Fast Process Corner
  Data Path Delay:        2.769ns  (logic 1.570ns (56.700%)  route 1.199ns (43.300%))
  Logic Levels:           3  (IBUF=1 LUT2=1 OBUF=1)

    Location             Delay type                Incr(ns)  Path(ns)    Netlist Resource(s)
  -------------------------------------------------------------------    -------------------
    W3                                                0.000     0.000 r  b (IN)
                         net (fo=0)                   0.000     0.000    b
    W3                   IBUF (Prop_ibuf_I_O)         0.282     0.282 r  b_IBUF_inst/O
                         net (fo=5, routed)           0.702     0.984    b_IBUF
    SLICE_X85Y108        LUT2 (Prop_lut2_I1_O)        0.045     1.029 r  x_OBUF_inst_i_1/O
                         net (fo=1, routed)           0.497     1.526    x_OBUF
    M2                   OBUF (Prop_obuf_I_O)         1.243     2.769 r  x_OBUF_inst/O
                         net (fo=0)                   0.000     2.769    x
    M2                                                                r  x (OUT)
  -------------------------------------------------------------------    -------------------

Slack:                    inf
  Source:                 a
                            (input port)
  Destination:            q
                            (output port)
  Path Group:             (none)
  Path Type:              Min at Fast Process Corner
  Data Path Delay:        2.934ns  (logic 1.566ns (53.356%)  route 1.369ns (46.644%))
  Logic Levels:           3  (IBUF=1 LUT2=1 OBUF=1)

    Location             Delay type                Incr(ns)  Path(ns)    Netlist Resource(s)
  -------------------------------------------------------------------    -------------------
    Y1                                                0.000     0.000 f  a (IN)
                         net (fo=0)                   0.000     0.000    a
    Y1                   IBUF (Prop_ibuf_I_O)         0.291     0.291 f  a_IBUF_inst/O
                         net (fo=5, routed)           1.042     1.333    a_IBUF
    SLICE_X85Y123        LUT2 (Prop_lut2_I1_O)        0.045     1.378 r  q_OBUF_inst_i_1/O
                         net (fo=1, routed)           0.327     1.705    q_OBUF
    M4                   OBUF (Prop_obuf_I_O)         1.229     2.934 r  q_OBUF_inst/O
                         net (fo=0)                   0.000     2.934    q
    M4                                                                r  q (OUT)
  -------------------------------------------------------------------    -------------------

Slack:                    inf
  Source:                 a
                            (input port)
  Destination:            z
                            (output port)
  Path Group:             (none)
  Path Type:              Min at Fast Process Corner
  Data Path Delay:        2.974ns  (logic 1.562ns (52.515%)  route 1.412ns (47.485%))
  Logic Levels:           3  (IBUF=1 LUT2=1 OBUF=1)

    Location             Delay type                Incr(ns)  Path(ns)    Netlist Resource(s)
  -------------------------------------------------------------------    -------------------
    Y1                                                0.000     0.000 r  a (IN)
                         net (fo=0)                   0.000     0.000    a
    Y1                   IBUF (Prop_ibuf_I_O)         0.291     0.291 r  a_IBUF_inst/O
                         net (fo=5, routed)           1.042     1.333    a_IBUF
    SLICE_X85Y123        LUT2 (Prop_lut2_I1_O)        0.045     1.378 r  z_OBUF_inst_i_1/O
                         net (fo=1, routed)           0.371     1.748    z_OBUF
    M7                   OBUF (Prop_obuf_I_O)         1.225     2.974 r  z_OBUF_inst/O
                         net (fo=0)                   0.000     2.974    z
    M7                                                                r  z (OUT)
  -------------------------------------------------------------------    -------------------

Slack:                    inf
  Source:                 a
                            (input port)
  Destination:            p
                            (output port)
  Path Group:             (none)
  Path Type:              Min at Fast Process Corner
  Data Path Delay:        3.109ns  (logic 1.625ns (52.285%)  route 1.483ns (47.715%))
  Logic Levels:           3  (IBUF=1 LUT2=1 OBUF=1)

    Location             Delay type                Incr(ns)  Path(ns)    Netlist Resource(s)
  -------------------------------------------------------------------    -------------------
    Y1                                                0.000     0.000 f  a (IN)
                         net (fo=0)                   0.000     0.000    a
    Y1                   IBUF (Prop_ibuf_I_O)         0.291     0.291 f  a_IBUF_inst/O
                         net (fo=5, routed)           1.042     1.333    a_IBUF
    SLICE_X85Y123        LUT2 (Prop_lut2_I1_O)        0.044     1.377 r  p_OBUF_inst_i_1/O
                         net (fo=1, routed)           0.442     1.819    p_OBUF
    L4                   OBUF (Prop_obuf_I_O)         1.290     3.109 r  p_OBUF_inst/O
                         net (fo=0)                   0.000     3.109    p
    L4                                                                r  p (OUT)
  -------------------------------------------------------------------    -------------------





