Vivado Simulator v2023.2
Copyright 1986-2022 Xilinx, Inc. All Rights Reserved.
Copyright 2022-2023 Advanced Micro Devices, Inc. All Rights Reserved.
Running: C:/Xilinx/Vivado/2023.2/bin/unwrapped/win64.o/xelab.exe --incr --debug typical --relax --mt 2 -L xil_defaultlib -L unisims_ver -L unimacro_ver -L secureip --snapshot testbench_behav xil_defaultlib.testbench xil_defaultlib.glbl -log elaborate.log 
Using 2 slave threads.
Starting static elaboration
Pass Through NonSizing Optimizer
ERROR: [VRFC 10-3236] concurrent assignment to a non-net 'cnt' is not permitted [C:/Users/82109/JJS2/ECE_exp2/traffic_light/traffic_light.srcs/sources_1/new/traffic_light.v:18]
ERROR: [VRFC 10-9171] mixed concurrent and procedural assignments on 'blink_cnt' [C:/Users/82109/JJS2/ECE_exp2/traffic_light/traffic_light.srcs/sources_1/new/traffic_light.v:56]
ERROR: [VRFC 10-9171] mixed concurrent and procedural assignments on 'blink_cnt' [C:/Users/82109/JJS2/ECE_exp2/traffic_light/traffic_light.srcs/sources_1/new/traffic_light.v:76]
ERROR: [VRFC 10-9171] mixed concurrent and procedural assignments on 'blink_cnt' [C:/Users/82109/JJS2/ECE_exp2/traffic_light/traffic_light.srcs/sources_1/new/traffic_light.v:78]
ERROR: [VRFC 10-9171] mixed concurrent and procedural assignments on 'blink_cnt' [C:/Users/82109/JJS2/ECE_exp2/traffic_light/traffic_light.srcs/sources_1/new/traffic_light.v:85]
ERROR: [VRFC 10-9171] mixed concurrent and procedural assignments on 'blink_cnt' [C:/Users/82109/JJS2/ECE_exp2/traffic_light/traffic_light.srcs/sources_1/new/traffic_light.v:105]
ERROR: [VRFC 10-9171] mixed concurrent and procedural assignments on 'blink_cnt' [C:/Users/82109/JJS2/ECE_exp2/traffic_light/traffic_light.srcs/sources_1/new/traffic_light.v:107]
ERROR: [VRFC 10-9171] mixed concurrent and procedural assignments on 'cnt' [C:/Users/82109/JJS2/ECE_exp2/traffic_light/traffic_light.srcs/sources_1/new/traffic_light.v:271]
ERROR: [VRFC 10-9171] mixed concurrent and procedural assignments on 'cnt' [C:/Users/82109/JJS2/ECE_exp2/traffic_light/traffic_light.srcs/sources_1/new/traffic_light.v:275]
ERROR: [VRFC 10-9171] mixed concurrent and procedural assignments on 'cnt' [C:/Users/82109/JJS2/ECE_exp2/traffic_light/traffic_light.srcs/sources_1/new/traffic_light.v:276]
ERROR: [VRFC 10-9171] mixed concurrent and procedural assignments on 'cnt' [C:/Users/82109/JJS2/ECE_exp2/traffic_light/traffic_light.srcs/sources_1/new/traffic_light.v:278]
ERROR: [VRFC 10-9171] mixed concurrent and procedural assignments on 'cnt' [C:/Users/82109/JJS2/ECE_exp2/traffic_light/traffic_light.srcs/sources_1/new/traffic_light.v:279]
ERROR: [VRFC 10-9171] mixed concurrent and procedural assignments on 'cnt' [C:/Users/82109/JJS2/ECE_exp2/traffic_light/traffic_light.srcs/sources_1/new/traffic_light.v:281]
ERROR: [VRFC 10-9171] mixed concurrent and procedural assignments on 'cnt' [C:/Users/82109/JJS2/ECE_exp2/traffic_light/traffic_light.srcs/sources_1/new/traffic_light.v:282]
ERROR: [VRFC 10-9171] mixed concurrent and procedural assignments on 'cnt' [C:/Users/82109/JJS2/ECE_exp2/traffic_light/traffic_light.srcs/sources_1/new/traffic_light.v:284]
ERROR: [VRFC 10-9171] mixed concurrent and procedural assignments on 'cnt' [C:/Users/82109/JJS2/ECE_exp2/traffic_light/traffic_light.srcs/sources_1/new/traffic_light.v:285]
ERROR: [VRFC 10-9171] mixed concurrent and procedural assignments on 'cnt' [C:/Users/82109/JJS2/ECE_exp2/traffic_light/traffic_light.srcs/sources_1/new/traffic_light.v:287]
ERROR: [VRFC 10-9171] mixed concurrent and procedural assignments on 'cnt' [C:/Users/82109/JJS2/ECE_exp2/traffic_light/traffic_light.srcs/sources_1/new/traffic_light.v:288]
ERROR: [VRFC 10-9171] mixed concurrent and procedural assignments on 'cnt' [C:/Users/82109/JJS2/ECE_exp2/traffic_light/traffic_light.srcs/sources_1/new/traffic_light.v:290]
INFO: [#UNDEF] Sorry, too many errors..
ERROR: [XSIM 43-3322] Static elaboration of top level Verilog design unit(s) in library work failed.
