
*** Running vivado
    with args -log traffic_light.vds -m64 -product Vivado -mode batch -messageDb vivado.pb -notrace -source traffic_light.tcl


ECHO가 설정되어 있지 않습니다.
ECHO가 설정되어 있지 않습니다.

****** Vivado v2023.2 (64-bit)
  **** SW Build 4029153 on Fri Oct 13 20:14:34 MDT 2023
  **** IP Build 4028589 on Sat Oct 14 00:45:43 MDT 2023
  **** SharedData Build 4025554 on Tue Oct 10 17:18:54 MDT 2023
    ** Copyright 1986-2022 Xilinx, Inc. All Rights Reserved.
    ** Copyright 2022-2023 Advanced Micro Devices, Inc. All Rights Reserved.

source traffic_light.tcl -notrace
create_project: Time (s): cpu = 00:00:09 ; elapsed = 00:00:10 . Memory (MB): peak = 449.793 ; gain = 183.148
Command: read_checkpoint -auto_incremental -incremental C:/Users/82109/JJS2/ECE_exp2/traffic_light/traffic_light.srcs/utils_1/imports/synth_1/traffic_light.dcp
INFO: [Vivado 12-5825] Read reference checkpoint from C:/Users/82109/JJS2/ECE_exp2/traffic_light/traffic_light.srcs/utils_1/imports/synth_1/traffic_light.dcp for incremental synthesis
INFO: [Vivado 12-7989] Please ensure there are no constraint changes
Command: synth_design -top traffic_light -part xc7s75fgga484-1
Starting synth_design
Attempting to get a license for feature 'Synthesis' and/or device 'xc7s75'
INFO: [Common 17-349] Got license for feature 'Synthesis' and/or device 'xc7s75'
INFO: [Device 21-403] Loading part xc7s75fgga484-1
INFO: [Designutils 20-5440] No compile time benefit to using incremental synthesis; A full resynthesis will be run
INFO: [Designutils 20-4379] Flow is switching to default flow due to incremental criteria not met. If you would like to alter this behaviour and have the flow terminate instead, please set the following parameter config_implementation {autoIncr.Synth.RejectBehavior Terminate}
INFO: [Synth 8-7079] Multithreading enabled for synth_design using a maximum of 2 processes.
INFO: [Synth 8-7078] Launching helper process for spawning children vivado processes
INFO: [Synth 8-7075] Helper process launched with PID 12688
---------------------------------------------------------------------------------
Starting RTL Elaboration : Time (s): cpu = 00:00:09 ; elapsed = 00:00:09 . Memory (MB): peak = 1287.324 ; gain = 438.758
---------------------------------------------------------------------------------
INFO: [Synth 8-6157] synthesizing module 'traffic_light' [C:/Users/82109/JJS2/ECE_exp2/traffic_light/traffic_light.srcs/sources_1/new/traffic_light.v:3]
INFO: [Synth 8-155] case statement is not full and has no default [C:/Users/82109/JJS2/ECE_exp2/traffic_light/traffic_light.srcs/sources_1/new/traffic_light.v:424]
INFO: [Synth 8-226] default block is never used [C:/Users/82109/JJS2/ECE_exp2/traffic_light/traffic_light.srcs/sources_1/new/traffic_light.v:670]
INFO: [Synth 8-226] default block is never used [C:/Users/82109/JJS2/ECE_exp2/traffic_light/traffic_light.srcs/sources_1/new/traffic_light.v:712]
INFO: [Synth 8-6155] done synthesizing module 'traffic_light' (0#1) [C:/Users/82109/JJS2/ECE_exp2/traffic_light/traffic_light.srcs/sources_1/new/traffic_light.v:3]
WARNING: [Synth 8-7137] Register cnt_speed_reg in module traffic_light has both Set and reset with same priority. This may cause simulation mismatches. Consider rewriting code  [C:/Users/82109/JJS2/ECE_exp2/traffic_light/traffic_light.srcs/sources_1/new/traffic_light.v:115]
WARNING: [Synth 8-7137] Register x_reg in module traffic_light has both Set and reset with same priority. This may cause simulation mismatches. Consider rewriting code  [C:/Users/82109/JJS2/ECE_exp2/traffic_light/traffic_light.srcs/sources_1/new/traffic_light.v:197]
WARNING: [Synth 8-7137] Register state_now_reg in module traffic_light has both Set and reset with same priority. This may cause simulation mismatches. Consider rewriting code  [C:/Users/82109/JJS2/ECE_exp2/traffic_light/traffic_light.srcs/sources_1/new/traffic_light.v:198]
WARNING: [Synth 8-7137] Register LED_out_reg in module traffic_light has both Set and reset with same priority. This may cause simulation mismatches. Consider rewriting code  [C:/Users/82109/JJS2/ECE_exp2/traffic_light/traffic_light.srcs/sources_1/new/traffic_light.v:672]
---------------------------------------------------------------------------------
Finished RTL Elaboration : Time (s): cpu = 00:00:12 ; elapsed = 00:00:13 . Memory (MB): peak = 1425.340 ; gain = 576.773
---------------------------------------------------------------------------------
---------------------------------------------------------------------------------
Start Handling Custom Attributes
---------------------------------------------------------------------------------
---------------------------------------------------------------------------------
Finished Handling Custom Attributes : Time (s): cpu = 00:00:12 ; elapsed = 00:00:13 . Memory (MB): peak = 1425.340 ; gain = 576.773
---------------------------------------------------------------------------------
---------------------------------------------------------------------------------
Finished RTL Optimization Phase 1 : Time (s): cpu = 00:00:12 ; elapsed = 00:00:13 . Memory (MB): peak = 1425.340 ; gain = 576.773
---------------------------------------------------------------------------------
Netlist sorting complete. Time (s): cpu = 00:00:00 ; elapsed = 00:00:00.027 . Memory (MB): peak = 1425.340 ; gain = 0.000
INFO: [Project 1-570] Preparing netlist for logic optimization

Processing XDC Constraints
Initializing timing engine
Parsing XDC File [C:/Users/82109/JJS2/ECE_exp2/traffic_light/traffic_light.srcs/constrs_1/new/traffic_light.xdc]
Finished Parsing XDC File [C:/Users/82109/JJS2/ECE_exp2/traffic_light/traffic_light.srcs/constrs_1/new/traffic_light.xdc]
INFO: [Project 1-236] Implementation specific constraints were found while reading constraint file [C:/Users/82109/JJS2/ECE_exp2/traffic_light/traffic_light.srcs/constrs_1/new/traffic_light.xdc]. These constraints will be ignored for synthesis but will be used in implementation. Impacted constraints are listed in the file [.Xil/traffic_light_propImpl.xdc].
Resolution: To avoid this warning, move constraints listed in [.Xil/traffic_light_propImpl.xdc] to another XDC file and exclude this new file from synthesis with the used_in_synthesis property (File Properties dialog in GUI) and re-run elaboration/synthesis.
Completed Processing XDC Constraints

Netlist sorting complete. Time (s): cpu = 00:00:00 ; elapsed = 00:00:00 . Memory (MB): peak = 1464.812 ; gain = 0.000
INFO: [Project 1-111] Unisim Transformation Summary:
No Unisim elements were transformed.

지정된 경로를 찾을 수 없습니다.
Constraint Validation Runtime : Time (s): cpu = 00:00:00 ; elapsed = 00:00:00.010 . Memory (MB): peak = 1464.812 ; gain = 0.000
INFO: [Designutils 20-5440] No compile time benefit to using incremental synthesis; A full resynthesis will be run
INFO: [Designutils 20-4379] Flow is switching to default flow due to incremental criteria not met. If you would like to alter this behaviour and have the flow terminate instead, please set the following parameter config_implementation {autoIncr.Synth.RejectBehavior Terminate}
---------------------------------------------------------------------------------
Finished Constraint Validation : Time (s): cpu = 00:00:24 ; elapsed = 00:00:26 . Memory (MB): peak = 1464.812 ; gain = 616.246
---------------------------------------------------------------------------------
---------------------------------------------------------------------------------
Start Loading Part and Timing Information
---------------------------------------------------------------------------------
Loading part: xc7s75fgga484-1
---------------------------------------------------------------------------------
Finished Loading Part and Timing Information : Time (s): cpu = 00:00:24 ; elapsed = 00:00:26 . Memory (MB): peak = 1464.812 ; gain = 616.246
---------------------------------------------------------------------------------
---------------------------------------------------------------------------------
Start Applying 'set_property' XDC Constraints
---------------------------------------------------------------------------------
---------------------------------------------------------------------------------
Finished applying 'set_property' XDC Constraints : Time (s): cpu = 00:00:24 ; elapsed = 00:00:26 . Memory (MB): peak = 1464.812 ; gain = 616.246
---------------------------------------------------------------------------------
INFO: [Synth 8-802] inferred FSM for state register 'L_state_reg' in module 'traffic_light'
---------------------------------------------------------------------------------------------------
                   State |                     New Encoding |                Previous Encoding 
---------------------------------------------------------------------------------------------------
                   DELAY |                              000 |                              000
            FUNCTION_SET |                              001 |                              001
              DISP_ONOFF |                              010 |                              010
              ENTRY_MODE |                              011 |                              011
                   LINE1 |                              100 |                              100
                   LINE2 |                              101 |                              101
                 DELAY_T |                              110 |                              110
              CLEAR_DISP |                              111 |                              111
---------------------------------------------------------------------------------------------------
INFO: [Synth 8-3354] encoded FSM with state register 'L_state_reg' using encoding 'sequential' in module 'traffic_light'
---------------------------------------------------------------------------------
Finished RTL Optimization Phase 2 : Time (s): cpu = 00:00:26 ; elapsed = 00:00:28 . Memory (MB): peak = 1464.812 ; gain = 616.246
---------------------------------------------------------------------------------
---------------------------------------------------------------------------------
Start RTL Component Statistics 
---------------------------------------------------------------------------------
Detailed RTL Component Info : 
+---Adders : 
	   2 Input   32 Bit       Adders := 5     
	   2 Input    4 Bit       Adders := 6     
+---Registers : 
	               32 Bit    Registers := 2     
	               10 Bit    Registers := 5     
	                8 Bit    Registers := 2     
	                5 Bit    Registers := 2     
	                4 Bit    Registers := 7     
	                1 Bit    Registers := 31    
+---Muxes : 
	   2 Input   32 Bit        Muxes := 20    
	   4 Input   32 Bit        Muxes := 1     
	   3 Input   32 Bit        Muxes := 1     
	   8 Input   32 Bit        Muxes := 1     
	   2 Input   10 Bit        Muxes := 4     
	   2 Input    9 Bit        Muxes := 1     
	   2 Input    8 Bit        Muxes := 2     
	  18 Input    8 Bit        Muxes := 1     
	   8 Input    8 Bit        Muxes := 2     
	   2 Input    5 Bit        Muxes := 4     
	   2 Input    4 Bit        Muxes := 18    
	   6 Input    4 Bit        Muxes := 1     
	   4 Input    4 Bit        Muxes := 1     
	   3 Input    4 Bit        Muxes := 1     
	   8 Input    3 Bit        Muxes := 1     
	   2 Input    3 Bit        Muxes := 8     
	  13 Input    2 Bit        Muxes := 3     
	   2 Input    1 Bit        Muxes := 25    
	   4 Input    1 Bit        Muxes := 3     
	   3 Input    1 Bit        Muxes := 1     
	  13 Input    1 Bit        Muxes := 2     
	   6 Input    1 Bit        Muxes := 2     
	  25 Input    1 Bit        Muxes := 21    
	  18 Input    1 Bit        Muxes := 2     
	   8 Input    1 Bit        Muxes := 2     
---------------------------------------------------------------------------------
Finished RTL Component Statistics 
---------------------------------------------------------------------------------
---------------------------------------------------------------------------------
Start Part Resource Summary
---------------------------------------------------------------------------------
Part Resources:
DSPs: 140 (col length:80)
BRAMs: 180 (col length: RAMB18 80 RAMB36 40)
---------------------------------------------------------------------------------
Finished Part Resource Summary
---------------------------------------------------------------------------------
---------------------------------------------------------------------------------
Start Cross Boundary and Area Optimization
---------------------------------------------------------------------------------
WARNING: [Synth 8-7080] Parallel synthesis criteria is not met
---------------------------------------------------------------------------------
Finished Cross Boundary and Area Optimization : Time (s): cpu = 00:00:36 ; elapsed = 00:00:38 . Memory (MB): peak = 1464.812 ; gain = 616.246
---------------------------------------------------------------------------------
---------------------------------------------------------------------------------
Start Applying XDC Timing Constraints
---------------------------------------------------------------------------------
---------------------------------------------------------------------------------
Finished Applying XDC Timing Constraints : Time (s): cpu = 00:00:44 ; elapsed = 00:00:46 . Memory (MB): peak = 1464.812 ; gain = 616.246
---------------------------------------------------------------------------------
---------------------------------------------------------------------------------
Start Timing Optimization
---------------------------------------------------------------------------------
---------------------------------------------------------------------------------
Finished Timing Optimization : Time (s): cpu = 00:00:44 ; elapsed = 00:00:46 . Memory (MB): peak = 1464.812 ; gain = 616.246
---------------------------------------------------------------------------------
---------------------------------------------------------------------------------
Start Technology Mapping
---------------------------------------------------------------------------------
---------------------------------------------------------------------------------
Finished Technology Mapping : Time (s): cpu = 00:00:44 ; elapsed = 00:00:47 . Memory (MB): peak = 1464.812 ; gain = 616.246
---------------------------------------------------------------------------------
---------------------------------------------------------------------------------
Start IO Insertion
---------------------------------------------------------------------------------
---------------------------------------------------------------------------------
Start Flattening Before IO Insertion
---------------------------------------------------------------------------------
---------------------------------------------------------------------------------
Finished Flattening Before IO Insertion
---------------------------------------------------------------------------------
---------------------------------------------------------------------------------
Start Final Netlist Cleanup
---------------------------------------------------------------------------------
---------------------------------------------------------------------------------
Finished Final Netlist Cleanup
---------------------------------------------------------------------------------
---------------------------------------------------------------------------------
Finished IO Insertion : Time (s): cpu = 00:00:52 ; elapsed = 00:00:55 . Memory (MB): peak = 1464.812 ; gain = 616.246
---------------------------------------------------------------------------------
---------------------------------------------------------------------------------
Start Renaming Generated Instances
---------------------------------------------------------------------------------
---------------------------------------------------------------------------------
Finished Renaming Generated Instances : Time (s): cpu = 00:00:52 ; elapsed = 00:00:55 . Memory (MB): peak = 1464.812 ; gain = 616.246
---------------------------------------------------------------------------------
---------------------------------------------------------------------------------
Start Rebuilding User Hierarchy
---------------------------------------------------------------------------------
---------------------------------------------------------------------------------
Finished Rebuilding User Hierarchy : Time (s): cpu = 00:00:52 ; elapsed = 00:00:55 . Memory (MB): peak = 1464.812 ; gain = 616.246
---------------------------------------------------------------------------------
---------------------------------------------------------------------------------
Start Renaming Generated Ports
---------------------------------------------------------------------------------
---------------------------------------------------------------------------------
Finished Renaming Generated Ports : Time (s): cpu = 00:00:52 ; elapsed = 00:00:55 . Memory (MB): peak = 1464.812 ; gain = 616.246
---------------------------------------------------------------------------------
---------------------------------------------------------------------------------
Start Handling Custom Attributes
---------------------------------------------------------------------------------
---------------------------------------------------------------------------------
Finished Handling Custom Attributes : Time (s): cpu = 00:00:52 ; elapsed = 00:00:55 . Memory (MB): peak = 1464.812 ; gain = 616.246
---------------------------------------------------------------------------------
---------------------------------------------------------------------------------
Start Renaming Generated Nets
---------------------------------------------------------------------------------
---------------------------------------------------------------------------------
Finished Renaming Generated Nets : Time (s): cpu = 00:00:52 ; elapsed = 00:00:55 . Memory (MB): peak = 1464.812 ; gain = 616.246
---------------------------------------------------------------------------------
---------------------------------------------------------------------------------
Start Writing Synthesis Report
---------------------------------------------------------------------------------

Report BlackBoxes: 
+-+--------------+----------+
| |BlackBox name |Instances |
+-+--------------+----------+
+-+--------------+----------+

Report Cell Usage: 
+------+-------+------+
|      |Cell   |Count |
+------+-------+------+
|1     |BUFG   |     1|
|2     |CARRY4 |   144|
|3     |LUT1   |    24|
|4     |LUT2   |   646|
|5     |LUT3   |    62|
|6     |LUT4   |    61|
|7     |LUT5   |    87|
|8     |LUT6   |   131|
|9     |MUXF7  |     3|
|10    |FDCE   |   131|
|11    |FDPE   |    11|
|12    |FDRE   |    46|
|13    |IBUF   |     7|
|14    |OBUF   |    43|
+------+-------+------+
---------------------------------------------------------------------------------
Finished Writing Synthesis Report : Time (s): cpu = 00:00:52 ; elapsed = 00:00:55 . Memory (MB): peak = 1464.812 ; gain = 616.246
---------------------------------------------------------------------------------
Synthesis finished with 0 errors, 0 critical warnings and 1 warnings.
Synthesis Optimization Runtime : Time (s): cpu = 00:00:38 ; elapsed = 00:00:52 . Memory (MB): peak = 1464.812 ; gain = 576.773
Synthesis Optimization Complete : Time (s): cpu = 00:00:53 ; elapsed = 00:00:55 . Memory (MB): peak = 1464.812 ; gain = 616.246
INFO: [Project 1-571] Translating synthesized netlist
Netlist sorting complete. Time (s): cpu = 00:00:00 ; elapsed = 00:00:00.015 . Memory (MB): peak = 1464.812 ; gain = 0.000
INFO: [Netlist 29-17] Analyzing 147 Unisim elements for replacement
INFO: [Netlist 29-28] Unisim Transformation completed in 0 CPU seconds
WARNING: [Netlist 29-101] Netlist 'traffic_light' is not ideal for floorplanning, since the cellview 'traffic_light' contains a large number of primitives.  Please consider enabling hierarchy in synthesis if you want to do floorplanning.
INFO: [Project 1-570] Preparing netlist for logic optimization
INFO: [Opt 31-138] Pushed 0 inverter(s) to 0 load pin(s).
Netlist sorting complete. Time (s): cpu = 00:00:00 ; elapsed = 00:00:00 . Memory (MB): peak = 1464.812 ; gain = 0.000
INFO: [Project 1-111] Unisim Transformation Summary:
No Unisim elements were transformed.

지정된 경로를 찾을 수 없습니다.
Synth Design complete | Checksum: 477889e9
INFO: [Common 17-83] Releasing license: Synthesis
28 Infos, 6 Warnings, 0 Critical Warnings and 0 Errors encountered.
synth_design completed successfully
synth_design: Time (s): cpu = 00:01:00 ; elapsed = 00:01:03 . Memory (MB): peak = 1464.812 ; gain = 1011.078
Write ShapeDB Complete: Time (s): cpu = 00:00:00 ; elapsed = 00:00:00.011 . Memory (MB): peak = 1464.812 ; gain = 0.000
INFO: [Common 17-1381] The checkpoint 'C:/Users/82109/JJS2/ECE_exp2/traffic_light/traffic_light.runs/synth_1/traffic_light.dcp' has been generated.
INFO: [runtcl-4] Executing : report_utilization -file traffic_light_utilization_synth.rpt -pb traffic_light_utilization_synth.pb
INFO: [Common 17-206] Exiting Vivado at Fri Dec  8 22:45:02 2023...
