
*** Running vivado
    with args -log mux_8to1.vds -m64 -product Vivado -mode batch -messageDb vivado.pb -notrace -source mux_8to1.tcl



****** Vivado v2022.2 (64-bit)
  **** SW Build 3671981 on Fri Oct 14 05:00:03 MDT 2022
  **** IP Build 3669848 on Fri Oct 14 08:30:02 MDT 2022
    ** Copyright 1986-2022 Xilinx, Inc. All Rights Reserved.

source mux_8to1.tcl -notrace
create_project: Time (s): cpu = 00:00:06 ; elapsed = 00:00:07 . Memory (MB): peak = 373.738 ; gain = 63.566
Command: synth_design -top mux_8to1 -part xc7s75fgga484-1
Starting synth_design
Attempting to get a license for feature 'Synthesis' and/or device 'xc7s75'
INFO: [Common 17-349] Got license for feature 'Synthesis' and/or device 'xc7s75'
INFO: [Synth 8-7079] Multithreading enabled for synth_design using a maximum of 2 processes.
INFO: [Synth 8-7078] Launching helper process for spawning children vivado processes
INFO: [Synth 8-7075] Helper process launched with PID 11836
INFO: [Synth 8-11241] undeclared symbol 'REGCCE', assumed default net type 'wire' [C:/Xilinx/Vivado/2022.2/data/verilog/src/unimacro/BRAM_SINGLE_MACRO.v:2170]
---------------------------------------------------------------------------------
Starting Synthesize : Time (s): cpu = 00:00:09 ; elapsed = 00:00:09 . Memory (MB): peak = 811.254 ; gain = 412.641
---------------------------------------------------------------------------------
INFO: [Synth 8-6157] synthesizing module 'mux_8to1' [C:/Users/82109/JJS2/ECE_exp2/mux_8to1/mux_8to1.srcs/sources_1/new/mux_8to1.v:23]
INFO: [Synth 8-6155] done synthesizing module 'mux_8to1' (0#1) [C:/Users/82109/JJS2/ECE_exp2/mux_8to1/mux_8to1.srcs/sources_1/new/mux_8to1.v:23]
WARNING: [Synth 8-7129] Port I0[7] in module mux_8to1 is either unconnected or has no load
WARNING: [Synth 8-7129] Port I0[6] in module mux_8to1 is either unconnected or has no load
WARNING: [Synth 8-7129] Port I0[5] in module mux_8to1 is either unconnected or has no load
WARNING: [Synth 8-7129] Port I0[4] in module mux_8to1 is either unconnected or has no load
WARNING: [Synth 8-7129] Port I0[3] in module mux_8to1 is either unconnected or has no load
WARNING: [Synth 8-7129] Port I0[2] in module mux_8to1 is either unconnected or has no load
WARNING: [Synth 8-7129] Port I0[1] in module mux_8to1 is either unconnected or has no load
WARNING: [Synth 8-7129] Port I1[7] in module mux_8to1 is either unconnected or has no load
WARNING: [Synth 8-7129] Port I1[6] in module mux_8to1 is either unconnected or has no load
WARNING: [Synth 8-7129] Port I1[5] in module mux_8to1 is either unconnected or has no load
WARNING: [Synth 8-7129] Port I1[4] in module mux_8to1 is either unconnected or has no load
WARNING: [Synth 8-7129] Port I1[3] in module mux_8to1 is either unconnected or has no load
WARNING: [Synth 8-7129] Port I1[2] in module mux_8to1 is either unconnected or has no load
WARNING: [Synth 8-7129] Port I1[1] in module mux_8to1 is either unconnected or has no load
WARNING: [Synth 8-7129] Port I2[7] in module mux_8to1 is either unconnected or has no load
WARNING: [Synth 8-7129] Port I2[6] in module mux_8to1 is either unconnected or has no load
WARNING: [Synth 8-7129] Port I2[5] in module mux_8to1 is either unconnected or has no load
WARNING: [Synth 8-7129] Port I2[4] in module mux_8to1 is either unconnected or has no load
WARNING: [Synth 8-7129] Port I2[3] in module mux_8to1 is either unconnected or has no load
WARNING: [Synth 8-7129] Port I2[2] in module mux_8to1 is either unconnected or has no load
WARNING: [Synth 8-7129] Port I2[1] in module mux_8to1 is either unconnected or has no load
WARNING: [Synth 8-7129] Port I3[7] in module mux_8to1 is either unconnected or has no load
WARNING: [Synth 8-7129] Port I3[6] in module mux_8to1 is either unconnected or has no load
WARNING: [Synth 8-7129] Port I3[5] in module mux_8to1 is either unconnected or has no load
WARNING: [Synth 8-7129] Port I3[4] in module mux_8to1 is either unconnected or has no load
WARNING: [Synth 8-7129] Port I3[3] in module mux_8to1 is either unconnected or has no load
WARNING: [Synth 8-7129] Port I3[2] in module mux_8to1 is either unconnected or has no load
WARNING: [Synth 8-7129] Port I3[1] in module mux_8to1 is either unconnected or has no load
WARNING: [Synth 8-7129] Port I4[7] in module mux_8to1 is either unconnected or has no load
WARNING: [Synth 8-7129] Port I4[6] in module mux_8to1 is either unconnected or has no load
WARNING: [Synth 8-7129] Port I4[5] in module mux_8to1 is either unconnected or has no load
WARNING: [Synth 8-7129] Port I4[4] in module mux_8to1 is either unconnected or has no load
WARNING: [Synth 8-7129] Port I4[3] in module mux_8to1 is either unconnected or has no load
WARNING: [Synth 8-7129] Port I4[2] in module mux_8to1 is either unconnected or has no load
WARNING: [Synth 8-7129] Port I4[1] in module mux_8to1 is either unconnected or has no load
WARNING: [Synth 8-7129] Port I5[7] in module mux_8to1 is either unconnected or has no load
WARNING: [Synth 8-7129] Port I5[6] in module mux_8to1 is either unconnected or has no load
WARNING: [Synth 8-7129] Port I5[5] in module mux_8to1 is either unconnected or has no load
WARNING: [Synth 8-7129] Port I5[4] in module mux_8to1 is either unconnected or has no load
WARNING: [Synth 8-7129] Port I5[3] in module mux_8to1 is either unconnected or has no load
WARNING: [Synth 8-7129] Port I5[2] in module mux_8to1 is either unconnected or has no load
WARNING: [Synth 8-7129] Port I5[1] in module mux_8to1 is either unconnected or has no load
WARNING: [Synth 8-7129] Port I6[7] in module mux_8to1 is either unconnected or has no load
WARNING: [Synth 8-7129] Port I6[6] in module mux_8to1 is either unconnected or has no load
WARNING: [Synth 8-7129] Port I6[5] in module mux_8to1 is either unconnected or has no load
WARNING: [Synth 8-7129] Port I6[4] in module mux_8to1 is either unconnected or has no load
WARNING: [Synth 8-7129] Port I6[3] in module mux_8to1 is either unconnected or has no load
WARNING: [Synth 8-7129] Port I6[2] in module mux_8to1 is either unconnected or has no load
WARNING: [Synth 8-7129] Port I6[1] in module mux_8to1 is either unconnected or has no load
WARNING: [Synth 8-7129] Port I7[7] in module mux_8to1 is either unconnected or has no load
WARNING: [Synth 8-7129] Port I7[6] in module mux_8to1 is either unconnected or has no load
WARNING: [Synth 8-7129] Port I7[5] in module mux_8to1 is either unconnected or has no load
WARNING: [Synth 8-7129] Port I7[4] in module mux_8to1 is either unconnected or has no load
WARNING: [Synth 8-7129] Port I7[3] in module mux_8to1 is either unconnected or has no load
WARNING: [Synth 8-7129] Port I7[2] in module mux_8to1 is either unconnected or has no load
WARNING: [Synth 8-7129] Port I7[1] in module mux_8to1 is either unconnected or has no load
---------------------------------------------------------------------------------
Finished Synthesize : Time (s): cpu = 00:00:11 ; elapsed = 00:00:12 . Memory (MB): peak = 900.273 ; gain = 501.660
---------------------------------------------------------------------------------
---------------------------------------------------------------------------------
Finished Constraint Validation : Time (s): cpu = 00:00:12 ; elapsed = 00:00:13 . Memory (MB): peak = 900.273 ; gain = 501.660
---------------------------------------------------------------------------------
---------------------------------------------------------------------------------
Start Loading Part and Timing Information
---------------------------------------------------------------------------------
Loading part: xc7s75fgga484-1
---------------------------------------------------------------------------------
INFO: [Device 21-403] Loading part xc7s75fgga484-1
Finished Loading Part and Timing Information : Time (s): cpu = 00:00:12 ; elapsed = 00:00:13 . Memory (MB): peak = 900.273 ; gain = 501.660
---------------------------------------------------------------------------------
---------------------------------------------------------------------------------
Finished RTL Optimization Phase 2 : Time (s): cpu = 00:00:12 ; elapsed = 00:00:13 . Memory (MB): peak = 900.273 ; gain = 501.660
---------------------------------------------------------------------------------
No constraint files found.
---------------------------------------------------------------------------------
Start RTL Component Statistics 
---------------------------------------------------------------------------------
Detailed RTL Component Info : 
+---Muxes : 
	   2 Input    1 Bit        Muxes := 7     
---------------------------------------------------------------------------------
Finished RTL Component Statistics 
---------------------------------------------------------------------------------
---------------------------------------------------------------------------------
Start Part Resource Summary
---------------------------------------------------------------------------------
Part Resources:
DSPs: 140 (col length:80)
BRAMs: 180 (col length: RAMB18 80 RAMB36 40)
---------------------------------------------------------------------------------
Finished Part Resource Summary
---------------------------------------------------------------------------------
No constraint files found.
---------------------------------------------------------------------------------
Start Cross Boundary and Area Optimization
---------------------------------------------------------------------------------
WARNING: [Synth 8-7080] Parallel synthesis criteria is not met
WARNING: [Synth 8-7129] Port I0[7] in module mux_8to1 is either unconnected or has no load
WARNING: [Synth 8-7129] Port I0[6] in module mux_8to1 is either unconnected or has no load
WARNING: [Synth 8-7129] Port I0[5] in module mux_8to1 is either unconnected or has no load
WARNING: [Synth 8-7129] Port I0[4] in module mux_8to1 is either unconnected or has no load
WARNING: [Synth 8-7129] Port I0[3] in module mux_8to1 is either unconnected or has no load
WARNING: [Synth 8-7129] Port I0[2] in module mux_8to1 is either unconnected or has no load
WARNING: [Synth 8-7129] Port I0[1] in module mux_8to1 is either unconnected or has no load
WARNING: [Synth 8-7129] Port I1[7] in module mux_8to1 is either unconnected or has no load
WARNING: [Synth 8-7129] Port I1[6] in module mux_8to1 is either unconnected or has no load
WARNING: [Synth 8-7129] Port I1[5] in module mux_8to1 is either unconnected or has no load
WARNING: [Synth 8-7129] Port I1[4] in module mux_8to1 is either unconnected or has no load
WARNING: [Synth 8-7129] Port I1[3] in module mux_8to1 is either unconnected or has no load
WARNING: [Synth 8-7129] Port I1[2] in module mux_8to1 is either unconnected or has no load
WARNING: [Synth 8-7129] Port I1[1] in module mux_8to1 is either unconnected or has no load
WARNING: [Synth 8-7129] Port I2[7] in module mux_8to1 is either unconnected or has no load
WARNING: [Synth 8-7129] Port I2[6] in module mux_8to1 is either unconnected or has no load
WARNING: [Synth 8-7129] Port I2[5] in module mux_8to1 is either unconnected or has no load
WARNING: [Synth 8-7129] Port I2[4] in module mux_8to1 is either unconnected or has no load
WARNING: [Synth 8-7129] Port I2[3] in module mux_8to1 is either unconnected or has no load
WARNING: [Synth 8-7129] Port I2[2] in module mux_8to1 is either unconnected or has no load
WARNING: [Synth 8-7129] Port I2[1] in module mux_8to1 is either unconnected or has no load
WARNING: [Synth 8-7129] Port I3[7] in module mux_8to1 is either unconnected or has no load
WARNING: [Synth 8-7129] Port I3[6] in module mux_8to1 is either unconnected or has no load
WARNING: [Synth 8-7129] Port I3[5] in module mux_8to1 is either unconnected or has no load
WARNING: [Synth 8-7129] Port I3[4] in module mux_8to1 is either unconnected or has no load
WARNING: [Synth 8-7129] Port I3[3] in module mux_8to1 is either unconnected or has no load
WARNING: [Synth 8-7129] Port I3[2] in module mux_8to1 is either unconnected or has no load
WARNING: [Synth 8-7129] Port I3[1] in module mux_8to1 is either unconnected or has no load
WARNING: [Synth 8-7129] Port I4[7] in module mux_8to1 is either unconnected or has no load
WARNING: [Synth 8-7129] Port I4[6] in module mux_8to1 is either unconnected or has no load
WARNING: [Synth 8-7129] Port I4[5] in module mux_8to1 is either unconnected or has no load
WARNING: [Synth 8-7129] Port I4[4] in module mux_8to1 is either unconnected or has no load
WARNING: [Synth 8-7129] Port I4[3] in module mux_8to1 is either unconnected or has no load
WARNING: [Synth 8-7129] Port I4[2] in module mux_8to1 is either unconnected or has no load
WARNING: [Synth 8-7129] Port I4[1] in module mux_8to1 is either unconnected or has no load
WARNING: [Synth 8-7129] Port I5[7] in module mux_8to1 is either unconnected or has no load
WARNING: [Synth 8-7129] Port I5[6] in module mux_8to1 is either unconnected or has no load
WARNING: [Synth 8-7129] Port I5[5] in module mux_8to1 is either unconnected or has no load
WARNING: [Synth 8-7129] Port I5[4] in module mux_8to1 is either unconnected or has no load
WARNING: [Synth 8-7129] Port I5[3] in module mux_8to1 is either unconnected or has no load
WARNING: [Synth 8-7129] Port I5[2] in module mux_8to1 is either unconnected or has no load
WARNING: [Synth 8-7129] Port I5[1] in module mux_8to1 is either unconnected or has no load
WARNING: [Synth 8-7129] Port I6[7] in module mux_8to1 is either unconnected or has no load
WARNING: [Synth 8-7129] Port I6[6] in module mux_8to1 is either unconnected or has no load
INFO: [Common 17-14] Message 'Synth 8-7129' appears 100 times and further instances of the messages will be disabled. Use the Tcl command set_msg_config to change the current settings.
---------------------------------------------------------------------------------
Finished Cross Boundary and Area Optimization : Time (s): cpu = 00:00:19 ; elapsed = 00:00:30 . Memory (MB): peak = 1086.535 ; gain = 687.922
---------------------------------------------------------------------------------
No constraint files found.
---------------------------------------------------------------------------------
Start Timing Optimization
---------------------------------------------------------------------------------
---------------------------------------------------------------------------------
Finished Timing Optimization : Time (s): cpu = 00:00:19 ; elapsed = 00:00:30 . Memory (MB): peak = 1089.965 ; gain = 691.352
---------------------------------------------------------------------------------
---------------------------------------------------------------------------------
Start Technology Mapping
---------------------------------------------------------------------------------
---------------------------------------------------------------------------------
Finished Technology Mapping : Time (s): cpu = 00:00:19 ; elapsed = 00:00:30 . Memory (MB): peak = 1090.133 ; gain = 691.520
---------------------------------------------------------------------------------
---------------------------------------------------------------------------------
Start IO Insertion
---------------------------------------------------------------------------------
---------------------------------------------------------------------------------
Start Flattening Before IO Insertion
---------------------------------------------------------------------------------
---------------------------------------------------------------------------------
Finished Flattening Before IO Insertion
---------------------------------------------------------------------------------
---------------------------------------------------------------------------------
Start Final Netlist Cleanup
---------------------------------------------------------------------------------
---------------------------------------------------------------------------------
Finished Final Netlist Cleanup
---------------------------------------------------------------------------------
---------------------------------------------------------------------------------
Finished IO Insertion : Time (s): cpu = 00:00:27 ; elapsed = 00:00:38 . Memory (MB): peak = 1090.133 ; gain = 691.520
---------------------------------------------------------------------------------
---------------------------------------------------------------------------------
Start Renaming Generated Instances
---------------------------------------------------------------------------------
---------------------------------------------------------------------------------
Finished Renaming Generated Instances : Time (s): cpu = 00:00:27 ; elapsed = 00:00:38 . Memory (MB): peak = 1090.133 ; gain = 691.520
---------------------------------------------------------------------------------
---------------------------------------------------------------------------------
Start Rebuilding User Hierarchy
---------------------------------------------------------------------------------
---------------------------------------------------------------------------------
Finished Rebuilding User Hierarchy : Time (s): cpu = 00:00:27 ; elapsed = 00:00:38 . Memory (MB): peak = 1090.133 ; gain = 691.520
---------------------------------------------------------------------------------
---------------------------------------------------------------------------------
Start Renaming Generated Ports
---------------------------------------------------------------------------------
---------------------------------------------------------------------------------
Finished Renaming Generated Ports : Time (s): cpu = 00:00:27 ; elapsed = 00:00:38 . Memory (MB): peak = 1090.133 ; gain = 691.520
---------------------------------------------------------------------------------
---------------------------------------------------------------------------------
Start Handling Custom Attributes
---------------------------------------------------------------------------------
---------------------------------------------------------------------------------
Finished Handling Custom Attributes : Time (s): cpu = 00:00:27 ; elapsed = 00:00:38 . Memory (MB): peak = 1090.133 ; gain = 691.520
---------------------------------------------------------------------------------
---------------------------------------------------------------------------------
Start Renaming Generated Nets
---------------------------------------------------------------------------------
---------------------------------------------------------------------------------
Finished Renaming Generated Nets : Time (s): cpu = 00:00:27 ; elapsed = 00:00:38 . Memory (MB): peak = 1090.133 ; gain = 691.520
---------------------------------------------------------------------------------
---------------------------------------------------------------------------------
Start Writing Synthesis Report
---------------------------------------------------------------------------------

Report BlackBoxes: 
+-+--------------+----------+
| |BlackBox name |Instances |
+-+--------------+----------+
+-+--------------+----------+

Report Cell Usage: 
+------+------+------+
|      |Cell  |Count |
+------+------+------+
|1     |LUT6  |     2|
|2     |MUXF7 |     1|
|3     |IBUF  |    11|
|4     |OBUF  |     1|
+------+------+------+

Report Instance Areas: 
+------+---------+-------+------+
|      |Instance |Module |Cells |
+------+---------+-------+------+
|1     |top      |       |    15|
+------+---------+-------+------+
---------------------------------------------------------------------------------
Finished Writing Synthesis Report : Time (s): cpu = 00:00:27 ; elapsed = 00:00:38 . Memory (MB): peak = 1090.133 ; gain = 691.520
---------------------------------------------------------------------------------
Synthesis finished with 0 errors, 0 critical warnings and 113 warnings.
Synthesis Optimization Runtime : Time (s): cpu = 00:00:27 ; elapsed = 00:00:38 . Memory (MB): peak = 1090.133 ; gain = 691.520
Synthesis Optimization Complete : Time (s): cpu = 00:00:27 ; elapsed = 00:00:38 . Memory (MB): peak = 1090.133 ; gain = 691.520
INFO: [Project 1-571] Translating synthesized netlist
Netlist sorting complete. Time (s): cpu = 00:00:00 ; elapsed = 00:00:00 . Memory (MB): peak = 1101.984 ; gain = 0.000
INFO: [Netlist 29-17] Analyzing 1 Unisim elements for replacement
INFO: [Netlist 29-28] Unisim Transformation completed in 0 CPU seconds
INFO: [Project 1-570] Preparing netlist for logic optimization
INFO: [Opt 31-138] Pushed 0 inverter(s) to 0 load pin(s).
Netlist sorting complete. Time (s): cpu = 00:00:00 ; elapsed = 00:00:00 . Memory (MB): peak = 1199.801 ; gain = 0.000
INFO: [Project 1-111] Unisim Transformation Summary:
No Unisim elements were transformed.

Synth Design complete, checksum: 4583bf4
INFO: [Common 17-83] Releasing license: Synthesis
16 Infos, 101 Warnings, 0 Critical Warnings and 0 Errors encountered.
synth_design completed successfully
synth_design: Time (s): cpu = 00:00:30 ; elapsed = 00:00:41 . Memory (MB): peak = 1199.801 ; gain = 826.062
INFO: [Common 17-1381] The checkpoint 'C:/Users/82109/JJS2/ECE_exp2/mux_8to1/mux_8to1.runs/synth_1/mux_8to1.dcp' has been generated.
INFO: [runtcl-4] Executing : report_utilization -file mux_8to1_utilization_synth.rpt -pb mux_8to1_utilization_synth.pb
INFO: [Common 17-206] Exiting Vivado at Sat Sep 16 22:12:54 2023...
